Arguments: 
  C:\Program Files\nodejs\node.exe C:\Users\DCS\AppData\Roaming\npm\node_modules\yarn\bin\yarn.js add @types/prloadjs --save

PATH: 
  C:\Program Files (x86)\Intel\Intel(R) Management Engine Components\iCLS\;C:\Program Files\Intel\Intel(R) Management Engine Components\iCLS\;C:\ProgramData\Oracle\Java\javapath;C:\WINDOWS\system32;C:\WINDOWS;C:\WINDOWS\System32\Wbem;C:\WINDOWS\System32\WindowsPowerShell\v1.0\;c:\Program Files\Intel\WiFi\bin\;c:\Program Files\Common Files\Intel\WirelessCommon\;C:\Program Files\dotnet\;C:\Program Files\Microsoft SQL Server\130\Tools\Binn\;C:\Program Files (x86)\Intel\Intel(R) Management Engine Components\DAL;C:\Program Files\Intel\Intel(R) Management Engine Components\DAL;C:\Program Files (x86)\Intel\Intel(R) Management Engine Components\IPT;C:\Program Files\Intel\Intel(R) Management Engine Components\IPT;C:\Program Files\Microsoft SQL Server\Client SDK\ODBC\110\Tools\Binn\;C:\Program Files\Microsoft SQL Server\Client SDK\ODBC\130\Tools\Binn\;C:\Program Files (x86)\Microsoft SQL Server\140\Tools\Binn\;C:\Program Files\Microsoft SQL Server\140\Tools\Binn\;C:\Program Files\Microsoft SQL Server\140\DTS\Binn\;C:\Program Files (x86)\Microsoft SQL Server\Client SDK\ODBC\130\Tools\Binn\;C:\Program Files (x86)\Microsoft SQL Server\140\DTS\Binn\;C:\Program Files (x86)\Microsoft SQL Server\140\Tools\Binn\ManagementStudio\;C:\Program Files\nodejs\;C:\Program Files\Git\cmd;c:\Program Files\Intel\WiFi\bin\;c:\Program Files\Common Files\Intel\WirelessCommon\;C:\Users\DCS\AppData\Local\Microsoft\WindowsApps;C:\Users\DCS\AppData\Roaming\npm;D:\Microsoft VS Code\program86\bin

Yarn version: 
  1.7.0

Node version: 
  8.11.2

Platform: 
  win32 x64

Trace: 
  Error: https://registry.yarnpkg.com/@types%2fprloadjs: Not found
      at Request.params.callback [as _callback] (C:\Users\DCS\AppData\Roaming\npm\node_modules\yarn\lib\cli.js:65656:18)
      at Request.self.callback (C:\Users\DCS\AppData\Roaming\npm\node_modules\yarn\lib\cli.js:134675:22)
      at emitTwo (events.js:126:13)
      at Request.emit (events.js:214:7)
      at Request.<anonymous> (C:\Users\DCS\AppData\Roaming\npm\node_modules\yarn\lib\cli.js:135658:10)
      at emitOne (events.js:116:13)
      at Request.emit (events.js:211:7)
      at IncomingMessage.<anonymous> (C:\Users\DCS\AppData\Roaming\npm\node_modules\yarn\lib\cli.js:135578:12)
      at Object.onceWrapper (events.js:313:30)
      at emitNone (events.js:111:20)

npm manifest: 
  {
    "name": "lab1",
    "version": "1.0.0",
    "main": "index.js",
    "scripts": {
      "test": "echo \"Error: no test specified\" && exit 1"
    },
    "author": "",
    "license": "ISC",
    "repository": {
      "type": "git",
      "url": "git+https://github.com/ivahora2/COMP397-Practice.git"
    },
    "bugs": {
      "url": "https://github.com/ivahora2/COMP397-Practice/issues"
    },
    "homepage": "https://github.com/ivahora2/COMP397-Practice#readme",
    "description": "",
    "devDependencies": {
      "@types/easeljs": "^1.0.0"
    },
    "dependencies": {
      "@types/soundjs": "^0.6.27",
      "@types/tweenjs": "^1.0.0",
      "easeljs": "^1.0.2",
      "preloadjs": "^1.0.1",
      "soundjs": "^1.0.1",
      "tweenjs": "^1.0.2"
    }
  }

yarn manifest: 
  No manifest

Lockfile: 
  # THIS IS AN AUTOGENERATED FILE. DO NOT EDIT THIS FILE DIRECTLY.
  # yarn lockfile v1
  
  
  "@types/createjs-lib@*":
    version "0.0.29"
    resolved "https://registry.yarnpkg.com/@types/createjs-lib/-/createjs-lib-0.0.29.tgz#fae82e3ba8606663b190e789cec7d9c728fc41d7"
  
  "@types/easeljs@^1.0.0":
    version "1.0.0"
    resolved "https://registry.yarnpkg.com/@types/easeljs/-/easeljs-1.0.0.tgz#b339ca0a8d0148819831b0140254d697fd46d974"
    dependencies:
      "@types/createjs-lib" "*"
      "@types/tweenjs" "*"
  
  "@types/preloadjs@*":
    version "0.6.32"
    resolved "https://registry.yarnpkg.com/@types/preloadjs/-/preloadjs-0.6.32.tgz#12cff7c7f92e3838a780d438ce49c8cec981830d"
    dependencies:
      "@types/createjs-lib" "*"
  
  "@types/soundjs@^0.6.27":
    version "0.6.27"
    resolved "https://registry.yarnpkg.com/@types/soundjs/-/soundjs-0.6.27.tgz#dd2370350eaf7277de5ed55940e3e7d2a016b124"
    dependencies:
      "@types/createjs-lib" "*"
      "@types/preloadjs" "*"
  
  "@types/tweenjs@*", "@types/tweenjs@^1.0.0":
    version "1.0.0"
    resolved "https://registry.yarnpkg.com/@types/tweenjs/-/tweenjs-1.0.0.tgz#a27b9e6abe27bac19ebbdb7de1d98c31ac40c064"
    dependencies:
      "@types/createjs-lib" "*"
  
  easeljs@^1.0.2:
    version "1.0.2"
    resolved "https://registry.yarnpkg.com/easeljs/-/easeljs-1.0.2.tgz#68fdcc69d0f217394e2ebf51ae047428a81240de"
  
  preloadjs@^1.0.1:
    version "1.0.1"
    resolved "https://registry.yarnpkg.com/preloadjs/-/preloadjs-1.0.1.tgz#71d14e94a8c94b1f6def2b01891d6bcd7e788c5d"
  
  soundjs@^1.0.1:
    version "1.0.1"
    resolved "https://registry.yarnpkg.com/soundjs/-/soundjs-1.0.1.tgz#99970542d28d0df2a1ebd061ae75c961a98c8180"
  
  tweenjs@^1.0.2:
    version "1.0.2"
    resolved "https://registry.yarnpkg.com/tweenjs/-/tweenjs-1.0.2.tgz#768869c4d4ba91fdb4c5ccc661969c58138555af"
